Determining if the pthread_create exist failed with the following output:
Change Dir: /home/dmitry/Documents/Projects/opticalFlow_TwoStreamNN/opt_flow/build/CMakeFiles/CMakeTmp

Run Build Command:"/usr/bin/make" "cmTC_bfa52/fast"
/usr/bin/make -f CMakeFiles/cmTC_bfa52.dir/build.make CMakeFiles/cmTC_bfa52.dir/build
make[1]: Entering directory '/home/dmitry/Documents/Projects/opticalFlow_TwoStreamNN/opt_flow/build/CMakeFiles/CMakeTmp'
Building C object CMakeFiles/cmTC_bfa52.dir/CheckSymbolExists.c.o
/usr/bin/cc    -fPIC    -o CMakeFiles/cmTC_bfa52.dir/CheckSymbolExists.c.o   -c /home/dmitry/Documents/Projects/opticalFlow_TwoStreamNN/opt_flow/build/CMakeFiles/CMakeTmp/CheckSymbolExists.c
Linking C executable cmTC_bfa52
/usr/bin/cmake -E cmake_link_script CMakeFiles/cmTC_bfa52.dir/link.txt --verbose=1
/usr/bin/cc  -fPIC     CMakeFiles/cmTC_bfa52.dir/CheckSymbolExists.c.o  -o cmTC_bfa52 
CMakeFiles/cmTC_bfa52.dir/CheckSymbolExists.c.o: In function `main':
CheckSymbolExists.c:(.text+0x1b): undefined reference to `pthread_create'
collect2: error: ld returned 1 exit status
CMakeFiles/cmTC_bfa52.dir/build.make:97: recipe for target 'cmTC_bfa52' failed
make[1]: *** [cmTC_bfa52] Error 1
make[1]: Leaving directory '/home/dmitry/Documents/Projects/opticalFlow_TwoStreamNN/opt_flow/build/CMakeFiles/CMakeTmp'
Makefile:126: recipe for target 'cmTC_bfa52/fast' failed
make: *** [cmTC_bfa52/fast] Error 2

File /home/dmitry/Documents/Projects/opticalFlow_TwoStreamNN/opt_flow/build/CMakeFiles/CMakeTmp/CheckSymbolExists.c:
/* */
#include <pthread.h>

int main(int argc, char** argv)
{
  (void)argv;
#ifndef pthread_create
  return ((int*)(&pthread_create))[argc];
#else
  (void)argc;
  return 0;
#endif
}

Determining if the function pthread_create exists in the pthreads failed with the following output:
Change Dir: /home/dmitry/Documents/Projects/opticalFlow_TwoStreamNN/opt_flow/build/CMakeFiles/CMakeTmp

Run Build Command:"/usr/bin/make" "cmTC_29a51/fast"
/usr/bin/make -f CMakeFiles/cmTC_29a51.dir/build.make CMakeFiles/cmTC_29a51.dir/build
make[1]: Entering directory '/home/dmitry/Documents/Projects/opticalFlow_TwoStreamNN/opt_flow/build/CMakeFiles/CMakeTmp'
Building C object CMakeFiles/cmTC_29a51.dir/CheckFunctionExists.c.o
/usr/bin/cc    -fPIC -DCHECK_FUNCTION_EXISTS=pthread_create   -o CMakeFiles/cmTC_29a51.dir/CheckFunctionExists.c.o   -c /usr/share/cmake-3.5/Modules/CheckFunctionExists.c
Linking C executable cmTC_29a51
/usr/bin/cmake -E cmake_link_script CMakeFiles/cmTC_29a51.dir/link.txt --verbose=1
/usr/bin/cc  -fPIC -DCHECK_FUNCTION_EXISTS=pthread_create    CMakeFiles/cmTC_29a51.dir/CheckFunctionExists.c.o  -o cmTC_29a51 -lpthreads 
/usr/bin/ld: cannot find -lpthreads
collect2: error: ld returned 1 exit status
CMakeFiles/cmTC_29a51.dir/build.make:97: recipe for target 'cmTC_29a51' failed
make[1]: *** [cmTC_29a51] Error 1
make[1]: Leaving directory '/home/dmitry/Documents/Projects/opticalFlow_TwoStreamNN/opt_flow/build/CMakeFiles/CMakeTmp'
Makefile:126: recipe for target 'cmTC_29a51/fast' failed
make: *** [cmTC_29a51/fast] Error 2


